<?xml version="1.0" encoding="UTF-8"?>
<Site BuildName="Win32-make"
	BuildStamp="20210413-0909-Experimental"
	Name="YANCHAO"
	Generator="ctest-3.20.1"
	CompilerName="D:/Program File/gcc/bin/x86_64-w64-mingw32-g++.exe"
	CompilerVersion="11.0.1"
	OSName="Windows"
	Hostname="YANCHAO"
	OSRelease=" Personal"
	OSVersion=" (Build 19042)"
	OSPlatform="AMD64"
	Is64Bits="1"
	VendorString="GenuineIntel"
	VendorID="Intel Corporation"
	FamilyID="6"
	ModelID="14"
	ProcessorCacheSize="-1"
	NumberOfLogicalCPU="8"
	NumberOfPhysicalCPU="4"
	TotalVirtualMemory="11809"
	TotalPhysicalMemory="8097"
	LogicalProcessorsPerPhysical="2"
	ProcessorClockFrequency="1800"
	>
	<Testing>
		<StartDateTime>Apr 13 17:09 ?D1[NON-UTF-8-BYTE-0xA8][NON-UTF-8-BYTE-0xB2][NON-UTF-8-BYTE-0xA1][NON-UTF-8-BYTE-0xC0][NON-UTF-8-BYTE-0xA8][NON-UTF-8-BYTE-0xBA][NON-UTF-8-BYTE-0xA1][NON-UTF-8-BYTE-0xC1]?[NON-UTF-8-BYTE-0xA8][NON-UTF-8-BYTE-0xBA][NON-UTF-8-BYTE-0xA1][NON-UTF-8-BYTE-0xC0]??</StartDateTime>
		<StartTestTime>1618304959</StartTestTime>
		<TestList/>
		<EndDateTime>Apr 13 17:09 ?D1[NON-UTF-8-BYTE-0xA8][NON-UTF-8-BYTE-0xB2][NON-UTF-8-BYTE-0xA1][NON-UTF-8-BYTE-0xC0][NON-UTF-8-BYTE-0xA8][NON-UTF-8-BYTE-0xBA][NON-UTF-8-BYTE-0xA1][NON-UTF-8-BYTE-0xC1]?[NON-UTF-8-BYTE-0xA8][NON-UTF-8-BYTE-0xBA][NON-UTF-8-BYTE-0xA1][NON-UTF-8-BYTE-0xC0]??</EndDateTime>
		<EndTestTime>1618304959</EndTestTime>
		<ElapsedMinutes>0</ElapsedMinutes>
	</Testing>
</Site>
